<?xml version="1.0" encoding="UTF-8"?>
<!-- Generated by org.testng.reporters.JUnitReportReporter -->
<testsuite hostname="DESKTOP-89M5CQ1" failures="0" tests="2" name="testCase1.thirdTest" time="26.460" errors="0" timestamp="25 Nov 2019 00:41:09 GMT">
  <testcase classname="testCase1.thirdTest" name="verifyPageTitle2" time="15.318"/>
  <testcase classname="testCase1.thirdTest" name="verifyPageTitle1" time="11.142"/>
</testsuite> <!-- testCase1.thirdTest -->
