<?xml version="1.0" encoding="UTF-8"?>
<!-- Generated by org.testng.reporters.JUnitReportReporter -->
<testsuite hostname="DESKTOP-89M5CQ1" failures="0" tests="2" name="testCase1.Annatationlist" time="0.028" errors="0" timestamp="14 Nov 2019 01:21:45 GMT">
  <testcase classname="testCase1.Annatationlist" name="testCase2" time="0.010"/>
  <testcase classname="testCase1.Annatationlist" name="testCase1" time="0.018"/>
</testsuite> <!-- testCase1.Annatationlist -->
