<?xml version="1.0" encoding="UTF-8"?>
<!-- Generated by org.testng.reporters.JUnitReportReporter -->
<testsuite hostname="DESKTOP-89M5CQ1" failures="0" tests="11" name="testCase1.SecondTest" time="11.387" errors="0" timestamp="30 Aug 2019 00:21:36 GMT">
  <testcase classname="testCase1.SecondTest" name="testA" time="0.003"/>
  <testcase classname="testCase1.SecondTest" name="testB" time="0.001"/>
  <testcase classname="testCase1.SecondTest" name="testF" time="0.002"/>
  <testcase classname="testCase1.SecondTest" name="search" time="0.001"/>
  <testcase classname="testCase1.SecondTest" name="testC" time="0.001"/>
  <testcase classname="testCase1.SecondTest" name="verifyTitle" time="11.355"/>
  <testcase classname="testCase1.SecondTest" name="logout" time="0.000"/>
  <testcase classname="testCase1.SecondTest" name="login" time="0.020"/>
  <testcase classname="testCase1.SecondTest" name="testD" time="0.002"/>
  <testcase classname="testCase1.SecondTest" name="testE" time="0.001"/>
  <testcase classname="testCase1.SecondTest" name="advancesearch" time="0.001"/>
</testsuite> <!-- testCase1.SecondTest -->
